18:41:52.968 [main]   INFO  testCases.TC001_AccountRegistrationTest  - 
***********Starting TC001***********
18:41:52.968 [main]   INFO  testCases.TC001_AccountRegistrationTest  - 
***********Starting TC001***********
18:41:52.989 [main]   INFO  testCases.TC001_AccountRegistrationTest  - 
************Clicked on My Account and Register***********
18:41:52.989 [main]   INFO  testCases.TC001_AccountRegistrationTest  - 
************Clicked on My Account and Register***********
18:41:53.500 [main]   INFO  testCases.TC001_AccountRegistrationTest  - 
************Generate user details***********
18:41:53.500 [main]   INFO  testCases.TC001_AccountRegistrationTest  - 
************Generate user details***********
18:41:53.876 [main]   INFO  testCases.TC001_AccountRegistrationTest  - 
************Accept privacy policy***********
18:41:53.876 [main]   INFO  testCases.TC001_AccountRegistrationTest  - 
************Accept privacy policy***********
18:41:53.930 [main]   INFO  testCases.TC001_AccountRegistrationTest  - 
************Clicked Continue to register***********
18:41:53.930 [main]   INFO  testCases.TC001_AccountRegistrationTest  - 
************Clicked Continue to register***********
18:41:54.811 [main]   INFO  testCases.TC001_AccountRegistrationTest  - 
************Account is registered***********
18:41:54.811 [main]   INFO  testCases.TC001_AccountRegistrationTest  - 
************Account is registered***********
18:41:54.851 [main]   INFO  testCases.TC001_AccountRegistrationTest  - 
***********Printing customer details***********
18:41:54.851 [main]   INFO  testCases.TC001_AccountRegistrationTest  - 
***********Printing customer details***********
18:42:41.329 [main]   INFO  testCases.TC001_AccountRegistrationTest  - 
***********Starting TC001***********
18:42:41.329 [main]   INFO  testCases.TC001_AccountRegistrationTest  - 
***********Starting TC001***********
18:42:41.345 [main]   INFO  testCases.TC001_AccountRegistrationTest  - 
************Clicked on My Account and Register***********
18:42:41.345 [main]   INFO  testCases.TC001_AccountRegistrationTest  - 
************Clicked on My Account and Register***********
18:42:41.784 [main]   INFO  testCases.TC001_AccountRegistrationTest  - 
************Generate user details***********
18:42:41.784 [main]   INFO  testCases.TC001_AccountRegistrationTest  - 
************Generate user details***********
18:42:42.104 [main]   INFO  testCases.TC001_AccountRegistrationTest  - 
************Accept privacy policy***********
18:42:42.104 [main]   INFO  testCases.TC001_AccountRegistrationTest  - 
************Accept privacy policy***********
18:42:42.156 [main]   INFO  testCases.TC001_AccountRegistrationTest  - 
************Clicked Continue to register***********
18:42:42.156 [main]   INFO  testCases.TC001_AccountRegistrationTest  - 
************Clicked Continue to register***********
18:42:43.220 [main]   INFO  testCases.TC001_AccountRegistrationTest  - 
************Account is registered***********
18:42:43.220 [main]   INFO  testCases.TC001_AccountRegistrationTest  - 
************Account is registered***********
18:42:43.249 [main]   INFO  testCases.TC001_AccountRegistrationTest  - 
***********Printing customer details***********
18:42:43.249 [main]   INFO  testCases.TC001_AccountRegistrationTest  - 
***********Printing customer details***********
19:48:46.431 [main]   INFO  testCases.TC001_AccountRegistrationTest  - 
***********Starting TC001***********
19:48:46.459 [main]   INFO  testCases.TC001_AccountRegistrationTest  - 
************Clicked on My Account and Register***********
19:48:47.193 [main]   INFO  testCases.TC001_AccountRegistrationTest  - 
************Generate user details***********
19:48:47.824 [main]   INFO  testCases.TC001_AccountRegistrationTest  - 
************Accept privacy policy***********
19:48:47.896 [main]   INFO  testCases.TC001_AccountRegistrationTest  - 
************Clicked Continue to register***********
19:48:48.003 [main]   INFO  testCases.TC001_AccountRegistrationTest  - 
************Account is registered***********
19:48:49.004 [main]   INFO  testCases.TC001_AccountRegistrationTest  - 
***********Printing customer details***********
19:50:21.025 [main]   INFO  testCases.TC001_AccountRegistrationTest  - 
***********Starting TC001***********
19:50:21.053 [main]   INFO  testCases.TC001_AccountRegistrationTest  - 
************Clicked on My Account and Register***********
19:50:21.687 [main]   INFO  testCases.TC001_AccountRegistrationTest  - 
************Generate user details***********
19:50:22.149 [main]   INFO  testCases.TC001_AccountRegistrationTest  - 
************Accept privacy policy***********
19:50:22.210 [main]   INFO  testCases.TC001_AccountRegistrationTest  - 
************Clicked Continue to register***********
19:50:23.123 [main]   INFO  testCases.TC001_AccountRegistrationTest  - 
************Account is registered***********
19:50:23.194 [main]   INFO  testCases.TC001_AccountRegistrationTest  - 
***********Printing customer details***********
19:51:05.411 [main]   INFO  testCases.TC001_AccountRegistrationTest  - 
***********Starting TC001***********
19:51:05.430 [main]   INFO  testCases.TC001_AccountRegistrationTest  - 
************Clicked on My Account and Register***********
19:51:06.163 [main]   INFO  testCases.TC001_AccountRegistrationTest  - 
************Generate user details***********
19:51:06.655 [main]   INFO  testCases.TC001_AccountRegistrationTest  - 
************Accept privacy policy***********
19:51:06.711 [main]   INFO  testCases.TC001_AccountRegistrationTest  - 
************Clicked Continue to register***********
19:51:07.799 [main]   INFO  testCases.TC001_AccountRegistrationTest  - 
************Account is registered***********
19:51:07.843 [main]   INFO  testCases.TC001_AccountRegistrationTest  - 
***********Printing customer details***********
19:56:30.323 [main]   INFO  testCases.TC001_AccountRegistrationTest  - 
***********Starting TC001***********
19:56:30.352 [main]   INFO  testCases.TC001_AccountRegistrationTest  - 
************Clicked on My Account and Register***********
19:56:31.053 [main]   INFO  testCases.TC001_AccountRegistrationTest  - 
************Generate user details***********
19:56:31.589 [main]   INFO  testCases.TC001_AccountRegistrationTest  - 
************Accept privacy policy***********
19:56:31.667 [main]   INFO  testCases.TC001_AccountRegistrationTest  - 
************Clicked Continue to register***********
19:56:32.588 [main]   INFO  testCases.TC001_AccountRegistrationTest  - 
************Account is registered***********
19:56:32.651 [main]   INFO  testCases.TC001_AccountRegistrationTest  - 
***********Printing customer details***********
19:56:32.651 [main]   INFO  testCases.TC001_AccountRegistrationTest  - 
***********Test Passed**************
22:14:43.424 [main]   INFO  testCases.TC001_AccountRegistrationTest  - 
***********Starting TC001***********
22:14:43.451 [main]   INFO  testCases.TC001_AccountRegistrationTest  - 
************Clicked on My Account and Register***********
22:14:44.212 [main]   INFO  testCases.TC001_AccountRegistrationTest  - 
************Generate user details***********
22:14:44.748 [main]   INFO  testCases.TC001_AccountRegistrationTest  - 
************Accept privacy policy***********
22:14:44.811 [main]   INFO  testCases.TC001_AccountRegistrationTest  - 
************Clicked Continue to register***********
22:14:46.319 [main]   INFO  testCases.TC001_AccountRegistrationTest  - 
************Account is registered***********
22:14:46.375 [main]   INFO  testCases.TC001_AccountRegistrationTest  - 
***********Printing customer details***********
22:14:46.375 [main]   INFO  testCases.TC001_AccountRegistrationTest  - 
***********Test Passed**************
22:16:44.461 [main]   INFO  testCases.TC001_AccountRegistrationTest  - 
***********Starting TC001***********
22:16:44.488 [main]   INFO  testCases.TC001_AccountRegistrationTest  - 
************Clicked on My Account and Register***********
22:16:45.366 [main]   INFO  testCases.TC001_AccountRegistrationTest  - 
************Generate user details***********
22:16:45.851 [main]   INFO  testCases.TC001_AccountRegistrationTest  - 
************Accept privacy policy***********
22:16:45.977 [main]   INFO  testCases.TC001_AccountRegistrationTest  - 
************Clicked Continue to register***********
22:16:46.934 [main]   INFO  testCases.TC001_AccountRegistrationTest  - 
************Account is registered***********
22:16:46.986 [main]   INFO  testCases.TC001_AccountRegistrationTest  - 
***********Printing customer details***********
22:16:46.986 [main]   INFO  testCases.TC001_AccountRegistrationTest  - 
***********Test Passed**************
22:17:08.566 [main]   INFO  testCases.TC001_AccountRegistrationTest  - 
***********Starting TC001***********
22:17:08.566 [main]   INFO  testCases.TC001_AccountRegistrationTest  - 
************Clicked on My Account and Register***********
22:17:09.552 [main]   INFO  testCases.TC001_AccountRegistrationTest  - 
************Generate user details***********
22:17:10.590 [main]   INFO  testCases.TC001_AccountRegistrationTest  - 
************Accept privacy policy***********
22:17:10.725 [main]   INFO  testCases.TC001_AccountRegistrationTest  - 
************Clicked Continue to register***********
22:17:11.826 [main]   INFO  testCases.TC001_AccountRegistrationTest  - 
************Account is registered***********
22:17:11.878 [main]   INFO  testCases.TC001_AccountRegistrationTest  - 
***********Printing customer details***********
22:17:11.878 [main]   INFO  testCases.TC001_AccountRegistrationTest  - 
***********Test Passed**************
22:18:48.138 [main]   INFO  testCases.TC001_AccountRegistrationTest  - 
***********Starting TC001***********
22:18:48.165 [main]   INFO  testCases.TC001_AccountRegistrationTest  - 
************Clicked on My Account and Register***********
22:18:49.026 [main]   INFO  testCases.TC001_AccountRegistrationTest  - 
************Generate user details***********
22:18:49.467 [main]   INFO  testCases.TC001_AccountRegistrationTest  - 
************Accept privacy policy***********
22:18:49.526 [main]   INFO  testCases.TC001_AccountRegistrationTest  - 
************Clicked Continue to register***********
22:18:50.518 [main]   INFO  testCases.TC001_AccountRegistrationTest  - 
************Account is registered***********
22:18:50.596 [main]   INFO  testCases.TC001_AccountRegistrationTest  - 
***********Printing customer details***********
22:18:50.596 [main]   INFO  testCases.TC001_AccountRegistrationTest  - 
***********Test Passed**************
22:18:56.432 [main]   INFO  testCases.TC001_AccountRegistrationTest  - 
***********Starting TC001***********
22:18:56.433 [main]   INFO  testCases.TC001_AccountRegistrationTest  - 
************Clicked on My Account and Register***********
22:18:57.573 [main]   INFO  testCases.TC001_AccountRegistrationTest  - 
************Generate user details***********
22:18:58.438 [main]   INFO  testCases.TC001_AccountRegistrationTest  - 
************Accept privacy policy***********
22:18:58.587 [main]   INFO  testCases.TC001_AccountRegistrationTest  - 
************Clicked Continue to register***********
22:18:58.725 [main]   INFO  testCases.TC001_AccountRegistrationTest  - 
************Account is registered***********
22:18:59.801 [main]   INFO  testCases.TC001_AccountRegistrationTest  - 
***********Printing customer details***********
22:18:59.802 [main]   INFO  testCases.TC001_AccountRegistrationTest  - 
***********Test Passed**************
22:20:51.539 [main]   INFO  testCases.TC001_AccountRegistrationTest  - 
***********Starting TC001***********
22:20:51.541 [main]   INFO  testCases.TC001_AccountRegistrationTest  - 
************Clicked on My Account and Register***********
22:20:54.183 [main]   INFO  testCases.TC001_AccountRegistrationTest  - 
************Generate user details***********
22:20:54.454 [main]   INFO  testCases.TC001_AccountRegistrationTest  - 
************Accept privacy policy***********
22:20:54.683 [main]   INFO  testCases.TC001_AccountRegistrationTest  - 
************Clicked Continue to register***********
22:20:55.804 [main]   INFO  testCases.TC001_AccountRegistrationTest  - 
************Account is registered***********
22:20:55.825 [main]   INFO  testCases.TC001_AccountRegistrationTest  - 
***********Printing customer details***********
22:20:55.826 [main]   INFO  testCases.TC001_AccountRegistrationTest  - 
***********Test Passed**************
22:24:18.657 [TestNG-tests-2]   INFO  testCases.TC001_AccountRegistrationTest  - 
***********Starting TC001***********
22:24:18.688 [TestNG-tests-2]   INFO  testCases.TC001_AccountRegistrationTest  - 
************Clicked on My Account and Register***********
22:24:20.059 [TestNG-tests-1]   INFO  testCases.TC001_AccountRegistrationTest  - 
***********Starting TC001***********
22:24:20.059 [TestNG-tests-1]   INFO  testCases.TC001_AccountRegistrationTest  - 
************Clicked on My Account and Register***********
22:24:20.452 [TestNG-tests-2]   INFO  testCases.TC001_AccountRegistrationTest  - 
************Generate user details***********
22:24:21.523 [TestNG-tests-2]   INFO  testCases.TC001_AccountRegistrationTest  - 
************Accept privacy policy***********
22:24:21.774 [TestNG-tests-1]   INFO  testCases.TC001_AccountRegistrationTest  - 
************Generate user details***********
22:24:21.777 [TestNG-tests-2]   INFO  testCases.TC001_AccountRegistrationTest  - 
************Clicked Continue to register***********
22:24:22.954 [TestNG-tests-1]   INFO  testCases.TC001_AccountRegistrationTest  - 
************Accept privacy policy***********
22:24:22.958 [TestNG-tests-2]   INFO  testCases.TC001_AccountRegistrationTest  - 
************Account is registered***********
22:24:23.038 [TestNG-tests-2]   INFO  testCases.TC001_AccountRegistrationTest  - 
***********Printing customer details***********
22:24:23.039 [TestNG-tests-2]   INFO  testCases.TC001_AccountRegistrationTest  - 
***********Test Passed**************
22:24:23.208 [TestNG-tests-1]   INFO  testCases.TC001_AccountRegistrationTest  - 
************Clicked Continue to register***********
22:24:24.249 [TestNG-tests-1]   INFO  testCases.TC001_AccountRegistrationTest  - 
************Account is registered***********
22:24:24.379 [TestNG-tests-1]   INFO  testCases.TC001_AccountRegistrationTest  - 
***********Printing customer details***********
22:24:24.379 [TestNG-tests-1]   INFO  testCases.TC001_AccountRegistrationTest  - 
***********Test Passed**************
22:24:24.794 [TestNG-tests-3]   INFO  testCases.TC001_AccountRegistrationTest  - 
***********Starting TC001***********
22:24:24.794 [TestNG-tests-3]   INFO  testCases.TC001_AccountRegistrationTest  - 
************Clicked on My Account and Register***********
22:24:26.709 [TestNG-tests-3]   INFO  testCases.TC001_AccountRegistrationTest  - 
************Generate user details***********
22:24:27.107 [TestNG-tests-3]   INFO  testCases.TC001_AccountRegistrationTest  - 
************Accept privacy policy***********
22:24:27.379 [TestNG-tests-3]   INFO  testCases.TC001_AccountRegistrationTest  - 
************Clicked Continue to register***********
22:24:28.478 [TestNG-tests-3]   INFO  testCases.TC001_AccountRegistrationTest  - 
************Account is registered***********
22:24:28.509 [TestNG-tests-3]   INFO  testCases.TC001_AccountRegistrationTest  - 
***********Printing customer details***********
22:24:28.509 [TestNG-tests-3]   INFO  testCases.TC001_AccountRegistrationTest  - 
***********Test Passed**************
00:40:35.531 [main]   INFO  testCases.TC001_AccountRegistrationTest  - 
***********Starting TC001***********
00:40:35.557 [main]   INFO  testCases.TC001_AccountRegistrationTest  - 
************Clicked on My Account and Register***********
00:40:36.238 [main]   INFO  testCases.TC001_AccountRegistrationTest  - 
************Generate user details***********
00:40:36.784 [main]   INFO  testCases.TC001_AccountRegistrationTest  - 
************Accept privacy policy***********
00:40:36.846 [main]   INFO  testCases.TC001_AccountRegistrationTest  - 
************Clicked Continue to register***********
00:40:39.718 [main]   INFO  testCases.TC001_AccountRegistrationTest  - 
************Account is registered***********
00:40:39.775 [main]   INFO  testCases.TC001_AccountRegistrationTest  - 
***********Printing customer details***********
00:40:39.775 [main]   INFO  testCases.TC001_AccountRegistrationTest  - 
***********Test Passed**************
22:19:47.762 [main]   INFO  testCases.TC001_AccountRegistrationTest  - 
***********Starting TC001***********
22:19:47.798 [main]   INFO  testCases.TC001_AccountRegistrationTest  - 
************Clicked on My Account and Register***********
22:19:48.608 [main]   INFO  testCases.TC001_AccountRegistrationTest  - 
************Generate user details***********
22:19:49.062 [main]   INFO  testCases.TC001_AccountRegistrationTest  - 
************Accept privacy policy***********
22:19:49.122 [main]   INFO  testCases.TC001_AccountRegistrationTest  - 
************Clicked Continue to register***********
22:19:50.265 [main]   INFO  testCases.TC001_AccountRegistrationTest  - 
************Account is registered***********
22:19:50.360 [main]   INFO  testCases.TC001_AccountRegistrationTest  - 
***********Printing customer details***********
22:19:50.361 [main]   INFO  testCases.TC001_AccountRegistrationTest  - 
***********Test Passed**************
22:22:36.587 [main]   INFO  testCases.TC001_AccountRegistrationTest  - 
***********Starting TC001***********
22:22:36.617 [main]   INFO  testCases.TC001_AccountRegistrationTest  - 
************Clicked on My Account and Register***********
22:22:37.346 [main]   INFO  testCases.TC001_AccountRegistrationTest  - 
************Generate user details***********
22:22:37.915 [main]   INFO  testCases.TC001_AccountRegistrationTest  - 
************Accept privacy policy***********
22:22:38.065 [main]   INFO  testCases.TC001_AccountRegistrationTest  - 
************Clicked Continue to register***********
22:22:39.304 [main]   INFO  testCases.TC001_AccountRegistrationTest  - 
************Account is registered***********
22:22:39.359 [main]   INFO  testCases.TC001_AccountRegistrationTest  - 
***********Printing customer details***********
22:22:39.360 [main]   INFO  testCases.TC001_AccountRegistrationTest  - 
***********Test Passed**************
22:59:06.405 [main]   INFO  testCases.TC_002LoginTest  - 
***********Starting TC002***********
22:59:06.435 [main]   INFO  testCases.TC_002LoginTest  - 
***********Click on MyAccount and login**********
22:59:06.991 [main]   INFO  testCases.TC_002LoginTest  - 
**********Providing login details*************
22:59:08.074 [main]   INFO  testCases.TC_002LoginTest  - 
**************Login Successfull***************
22:59:08.149 [main]   INFO  testCases.TC_002LoginTest  - 
*******Test passed
22:59:08.149 [main]   INFO  testCases.TC_002LoginTest  - 
************Login finished*************
23:02:30.893 [TestNG-tests-1]   INFO  testCases.TC_002LoginTest  - 
***********Starting TC002***********
23:02:30.935 [TestNG-tests-1]   INFO  testCases.TC_002LoginTest  - 
***********Click on MyAccount and login**********
23:02:31.489 [TestNG-tests-2]   INFO  testCases.TC_002LoginTest  - 
***********Starting TC002***********
23:02:31.491 [TestNG-tests-2]   INFO  testCases.TC_002LoginTest  - 
***********Click on MyAccount and login**********
23:02:31.605 [TestNG-tests-1]   INFO  testCases.TC_002LoginTest  - 
**********Providing login details*************
23:02:32.340 [TestNG-tests-2]   INFO  testCases.TC_002LoginTest  - 
**********Providing login details*************
23:02:33.272 [TestNG-tests-1]   INFO  testCases.TC_002LoginTest  - 
**************Login Successfull***************
23:02:33.356 [TestNG-tests-1]   INFO  testCases.TC_002LoginTest  - 
*******Test passed
23:02:33.357 [TestNG-tests-1]   INFO  testCases.TC_002LoginTest  - 
************Login finished*************
23:02:34.190 [TestNG-tests-2]   INFO  testCases.TC_002LoginTest  - 
**************Login Successfull***************
23:02:34.290 [TestNG-tests-2]   INFO  testCases.TC_002LoginTest  - 
*******Test passed
23:02:34.290 [TestNG-tests-2]   INFO  testCases.TC_002LoginTest  - 
************Login finished*************
23:02:37.139 [TestNG-tests-3]   INFO  testCases.TC_002LoginTest  - 
***********Starting TC002***********
23:02:37.143 [TestNG-tests-3]   INFO  testCases.TC_002LoginTest  - 
***********Click on MyAccount and login**********
23:02:37.920 [TestNG-tests-3]   INFO  testCases.TC_002LoginTest  - 
**********Providing login details*************
23:02:39.519 [TestNG-tests-3]   INFO  testCases.TC_002LoginTest  - 
**************Login Successfull***************
23:02:39.552 [TestNG-tests-3]   INFO  testCases.TC_002LoginTest  - 
*******Test passed
23:02:39.552 [TestNG-tests-3]   INFO  testCases.TC_002LoginTest  - 
************Login finished*************
23:08:11.738 [main]   INFO  testCases.TC_002LoginTest  - 
***********Starting TC002***********
23:08:11.796 [main]   INFO  testCases.TC_002LoginTest  - 
***********Click on MyAccount and login**********
23:08:12.323 [main]   INFO  testCases.TC_002LoginTest  - 
**********Providing login details*************
23:08:12.843 [main]   INFO  testCases.TC_002LoginTest  - 
**************Login Successfull***************
23:08:14.220 [main]   INFO  testCases.TC_002LoginTest  - 
*******Test passed
23:08:14.221 [main]   INFO  testCases.TC_002LoginTest  - 
************Login finished*************
23:08:42.267 [main]   INFO  testCases.TC_002LoginTest  - 
***********Starting TC002***********
23:08:42.292 [main]   INFO  testCases.TC_002LoginTest  - 
***********Click on MyAccount and login**********
23:08:42.822 [main]   INFO  testCases.TC_002LoginTest  - 
**********Providing login details*************
23:08:43.975 [main]   INFO  testCases.TC_002LoginTest  - 
**************Login Successfull***************
23:08:44.027 [main]   INFO  testCases.TC_002LoginTest  - 
*******Test passed
23:08:44.027 [main]   INFO  testCases.TC_002LoginTest  - 
************Login finished*************
23:14:20.629 [main]   WARN  org.testng.xml.TestNGContentHandler  - 
It is strongly recommended to add "<!DOCTYPE suite SYSTEM "https://testng.org/testng-1.1.dtd" >" at the top of the suite file [C:\Users\hp\git\OpenCart\OpenCart_Framework\Master.xml] otherwise TestNG may fail or not work as expected.
23:14:20.823 [main]   INFO  org.testng.internal.Utils  - 
[TestNG] Running:
  C:\Users\hp\git\OpenCart\OpenCart_Framework\Master.xml

23:14:34.969 [main]   INFO  testCases.TC_002LoginTest  - 
***********Starting TC002***********
23:14:35.018 [main]   INFO  testCases.TC_002LoginTest  - 
***********Click on MyAccount and login**********
23:14:36.220 [main]   INFO  testCases.TC_002LoginTest  - 
**********Providing login details*************
23:14:36.556 [main]   INFO  testCases.TC_002LoginTest  - 
**************Login Successfull***************
23:14:38.553 [main]   INFO  testCases.TC_002LoginTest  - 
*******Test passed
23:14:38.553 [main]   INFO  testCases.TC_002LoginTest  - 
************Login finished*************
23:37:34.908 [main]   WARN  org.testng.xml.TestNGContentHandler  - 
It is strongly recommended to add "<!DOCTYPE suite SYSTEM "https://testng.org/testng-1.1.dtd" >" at the top of the suite file [C:\Users\hp\git\OpenCart\OpenCart_Framework\Master.xml] otherwise TestNG may fail or not work as expected.
23:37:35.110 [main]   INFO  org.testng.internal.Utils  - 
[TestNG] Running:
  C:\Users\hp\git\OpenCart\OpenCart_Framework\Master.xml

23:37:54.636 [main]   INFO  testCases.TC001_AccountRegistrationTest  - 
***********Starting TC001***********
23:37:54.690 [main]   INFO  testCases.TC001_AccountRegistrationTest  - 
************Clicked on My Account and Register***********
23:37:56.024 [main]   INFO  testCases.TC001_AccountRegistrationTest  - 
************Generate user details***********
23:37:56.778 [main]   INFO  testCases.TC001_AccountRegistrationTest  - 
************Accept privacy policy***********
23:37:56.924 [main]   INFO  testCases.TC001_AccountRegistrationTest  - 
************Clicked Continue to register***********
23:37:57.872 [main]   INFO  testCases.TC001_AccountRegistrationTest  - 
************Account is registered***********
23:37:57.938 [main]   INFO  testCases.TC001_AccountRegistrationTest  - 
Saving registered user details to config.properties...
23:37:57.964 [main]   INFO  testCases.TC001_AccountRegistrationTest  - 
User details saved successfully.
23:37:57.964 [main]   INFO  testCases.TC001_AccountRegistrationTest  - 
***********Printing customer details***********
23:37:57.965 [main]   INFO  testCases.TC001_AccountRegistrationTest  - 
***********Test Passed**************
23:38:03.898 [main]   INFO  testCases.TC_002LoginTest  - 
***********Starting TC002***********
23:38:03.899 [main]   INFO  testCases.TC_002LoginTest  - 
***********Click on MyAccount and login**********
23:38:04.325 [main]   INFO  testCases.TC_002LoginTest  - 
**********Providing login details*************
23:39:28.291 [main]   WARN  org.testng.xml.TestNGContentHandler  - 
It is strongly recommended to add "<!DOCTYPE suite SYSTEM "https://testng.org/testng-1.1.dtd" >" at the top of the suite file [C:\Users\hp\git\OpenCart\OpenCart_Framework\Master.xml] otherwise TestNG may fail or not work as expected.
23:39:28.493 [main]   INFO  org.testng.internal.Utils  - 
[TestNG] Running:
  C:\Users\hp\git\OpenCart\OpenCart_Framework\Master.xml

23:39:32.648 [main]   INFO  testCases.TC001_AccountRegistrationTest  - 
***********Starting TC001***********
23:39:32.674 [main]   INFO  testCases.TC001_AccountRegistrationTest  - 
************Clicked on My Account and Register***********
23:39:33.402 [main]   INFO  testCases.TC001_AccountRegistrationTest  - 
************Generate user details***********
23:39:33.925 [main]   INFO  testCases.TC001_AccountRegistrationTest  - 
************Accept privacy policy***********
23:39:33.995 [main]   INFO  testCases.TC001_AccountRegistrationTest  - 
************Clicked Continue to register***********
23:39:34.066 [main]   INFO  testCases.TC001_AccountRegistrationTest  - 
************Account is registered***********
23:39:35.399 [main]   INFO  testCases.TC001_AccountRegistrationTest  - 
Saving registered user details to config.properties...
23:39:35.408 [main]   INFO  testCases.TC001_AccountRegistrationTest  - 
User details saved successfully.
23:39:35.408 [main]   INFO  testCases.TC001_AccountRegistrationTest  - 
***********Printing customer details***********
23:39:35.408 [main]   INFO  testCases.TC001_AccountRegistrationTest  - 
***********Test Passed**************
23:39:40.045 [main]   INFO  testCases.TC_002LoginTest  - 
***********Starting TC002***********
23:39:40.045 [main]   INFO  testCases.TC_002LoginTest  - 
***********Click on MyAccount and login**********
23:39:40.572 [main]   INFO  testCases.TC_002LoginTest  - 
**********Providing login details*************
23:39:40.828 [main]   INFO  testCases.TC_002LoginTest  - 
**************Login Successfull***************
23:39:41.911 [main]   INFO  testCases.TC_002LoginTest  - 
*******Test passed
23:39:41.911 [main]   INFO  testCases.TC_002LoginTest  - 
************Login finished*************
23:40:11.052 [main]   WARN  org.testng.xml.TestNGContentHandler  - 
It is strongly recommended to add "<!DOCTYPE suite SYSTEM "https://testng.org/testng-1.1.dtd" >" at the top of the suite file [C:\Users\hp\git\OpenCart\OpenCart_Framework\CrossBrowserTesting.xml] otherwise TestNG may fail or not work as expected.
23:40:11.302 [main]   INFO  org.testng.internal.Utils  - 
[TestNG] Running:
  C:\Users\hp\git\OpenCart\OpenCart_Framework\CrossBrowserTesting.xml

23:40:18.002 [TestNG-tests-1]   INFO  testCases.TC001_AccountRegistrationTest  - 
***********Starting TC001***********
23:40:18.031 [TestNG-tests-1]   INFO  testCases.TC001_AccountRegistrationTest  - 
************Clicked on My Account and Register***********
23:40:20.625 [TestNG-tests-2]   INFO  testCases.TC001_AccountRegistrationTest  - 
***********Starting TC001***********
23:40:20.627 [TestNG-tests-2]   INFO  testCases.TC001_AccountRegistrationTest  - 
************Clicked on My Account and Register***********
23:40:20.853 [TestNG-tests-1]   INFO  testCases.TC001_AccountRegistrationTest  - 
************Generate user details***********
23:40:21.866 [TestNG-tests-1]   INFO  testCases.TC001_AccountRegistrationTest  - 
************Accept privacy policy***********
23:40:22.052 [TestNG-tests-1]   INFO  testCases.TC001_AccountRegistrationTest  - 
************Clicked Continue to register***********
23:40:24.091 [TestNG-tests-1]   INFO  testCases.TC001_AccountRegistrationTest  - 
************Account is registered***********
23:40:24.101 [TestNG-tests-2]   INFO  testCases.TC001_AccountRegistrationTest  - 
************Generate user details***********
23:40:24.159 [TestNG-tests-1]   INFO  testCases.TC001_AccountRegistrationTest  - 
Saving registered user details to config.properties...
23:40:24.207 [TestNG-tests-1]   INFO  testCases.TC001_AccountRegistrationTest  - 
User details saved successfully.
23:40:24.207 [TestNG-tests-1]   INFO  testCases.TC001_AccountRegistrationTest  - 
***********Printing customer details***********
23:40:24.208 [TestNG-tests-1]   INFO  testCases.TC001_AccountRegistrationTest  - 
***********Test Passed**************
23:40:25.334 [TestNG-tests-2]   INFO  testCases.TC001_AccountRegistrationTest  - 
************Accept privacy policy***********
23:40:25.346 [TestNG-tests-3]   INFO  testCases.TC001_AccountRegistrationTest  - 
***********Starting TC001***********
23:40:25.349 [TestNG-tests-3]   INFO  testCases.TC001_AccountRegistrationTest  - 
************Clicked on My Account and Register***********
23:40:25.559 [TestNG-tests-2]   INFO  testCases.TC001_AccountRegistrationTest  - 
************Clicked Continue to register***********
23:40:26.929 [TestNG-tests-2]   INFO  testCases.TC001_AccountRegistrationTest  - 
************Account is registered***********
23:40:26.951 [TestNG-tests-3]   INFO  testCases.TC001_AccountRegistrationTest  - 
************Generate user details***********
23:40:26.993 [TestNG-tests-2]   INFO  testCases.TC001_AccountRegistrationTest  - 
Saving registered user details to config.properties...
23:40:27.006 [TestNG-tests-2]   INFO  testCases.TC001_AccountRegistrationTest  - 
User details saved successfully.
23:40:27.006 [TestNG-tests-2]   INFO  testCases.TC001_AccountRegistrationTest  - 
***********Printing customer details***********
23:40:27.006 [TestNG-tests-2]   INFO  testCases.TC001_AccountRegistrationTest  - 
***********Test Passed**************
23:40:27.238 [TestNG-tests-3]   INFO  testCases.TC001_AccountRegistrationTest  - 
************Accept privacy policy***********
23:40:27.465 [TestNG-tests-3]   INFO  testCases.TC001_AccountRegistrationTest  - 
************Clicked Continue to register***********
23:40:28.475 [TestNG-tests-3]   INFO  testCases.TC001_AccountRegistrationTest  - 
************Account is registered***********
23:40:28.495 [TestNG-tests-3]   INFO  testCases.TC001_AccountRegistrationTest  - 
Saving registered user details to config.properties...
23:40:28.504 [TestNG-tests-3]   INFO  testCases.TC001_AccountRegistrationTest  - 
User details saved successfully.
23:40:28.504 [TestNG-tests-3]   INFO  testCases.TC001_AccountRegistrationTest  - 
***********Printing customer details***********
23:40:28.504 [TestNG-tests-3]   INFO  testCases.TC001_AccountRegistrationTest  - 
***********Test Passed**************
23:40:30.480 [TestNG-tests-1]   INFO  testCases.TC_002LoginTest  - 
***********Starting TC002***********
23:40:30.483 [TestNG-tests-1]   INFO  testCases.TC_002LoginTest  - 
***********Click on MyAccount and login**********
23:40:31.050 [TestNG-tests-1]   INFO  testCases.TC_002LoginTest  - 
**********Providing login details*************
23:40:31.438 [TestNG-tests-1]   INFO  testCases.TC_002LoginTest  - 
**************Login Successfull***************
23:40:32.938 [TestNG-tests-1]   INFO  testCases.TC_002LoginTest  - 
*******Test passed
23:40:32.943 [TestNG-tests-1]   INFO  testCases.TC_002LoginTest  - 
************Login finished*************
23:40:34.619 [TestNG-tests-2]   INFO  testCases.TC_002LoginTest  - 
***********Starting TC002***********
23:40:34.619 [TestNG-tests-2]   INFO  testCases.TC_002LoginTest  - 
***********Click on MyAccount and login**********
23:40:35.590 [TestNG-tests-2]   INFO  testCases.TC_002LoginTest  - 
**********Providing login details*************
23:40:37.233 [TestNG-tests-2]   INFO  testCases.TC_002LoginTest  - 
**************Login Successfull***************
23:40:37.295 [TestNG-tests-2]   INFO  testCases.TC_002LoginTest  - 
*******Test passed
23:40:37.295 [TestNG-tests-2]   INFO  testCases.TC_002LoginTest  - 
************Login finished*************
23:40:40.122 [TestNG-tests-3]   INFO  testCases.TC_002LoginTest  - 
***********Starting TC002***********
23:40:40.124 [TestNG-tests-3]   INFO  testCases.TC_002LoginTest  - 
***********Click on MyAccount and login**********
23:40:40.804 [TestNG-tests-3]   INFO  testCases.TC_002LoginTest  - 
**********Providing login details*************
23:40:42.334 [TestNG-tests-3]   INFO  testCases.TC_002LoginTest  - 
**************Login Successfull***************
23:40:42.361 [TestNG-tests-3]   INFO  testCases.TC_002LoginTest  - 
*******Test passed
23:40:42.361 [TestNG-tests-3]   INFO  testCases.TC_002LoginTest  - 
************Login finished*************
11:59:17.620 [main]   WARN  org.testng.xml.TestNGContentHandler  - 
It is strongly recommended to add "<!DOCTYPE suite SYSTEM "https://testng.org/testng-1.1.dtd" >" at the top of the suite file [C:\Users\hp\git\OpenCart\OpenCart_Framework\Master.xml] otherwise TestNG may fail or not work as expected.
11:59:17.854 [main]   INFO  org.testng.internal.Utils  - 
[TestNG] Running:
  C:\Users\hp\git\OpenCart\OpenCart_Framework\Master.xml

11:59:33.701 [main]   INFO  testCases.TC001_AccountRegistrationTest  - 
***********Starting TC001***********
11:59:33.740 [main]   INFO  testCases.TC001_AccountRegistrationTest  - 
************Clicked on My Account and Register***********
11:59:34.361 [main]   INFO  testCases.TC001_AccountRegistrationTest  - 
************Generate user details***********
11:59:34.834 [main]   INFO  testCases.TC001_AccountRegistrationTest  - 
************Accept privacy policy***********
11:59:34.946 [main]   INFO  testCases.TC001_AccountRegistrationTest  - 
************Clicked Continue to register***********
11:59:35.024 [main]   INFO  testCases.TC001_AccountRegistrationTest  - 
************Account is registered***********
11:59:36.058 [main]   INFO  testCases.TC001_AccountRegistrationTest  - 
Saving registered user details to config.properties...
11:59:36.058 [main]   INFO  testCases.TC001_AccountRegistrationTest  - 
***********Printing customer details***********
11:59:36.058 [main]   INFO  testCases.TC001_AccountRegistrationTest  - 
***********Test Passed**************
11:59:39.784 [main]   INFO  testCases.TC_002LoginTest  - 
***********Starting TC002***********
11:59:39.785 [main]   INFO  testCases.TC_002LoginTest  - 
***********Click on MyAccount and login**********
11:59:40.283 [main]   INFO  testCases.TC_002LoginTest  - 
**********Providing login details*************
11:59:41.615 [main]   INFO  testCases.TC_002LoginTest  - 
**************Login Successfull***************
11:59:41.672 [main]   INFO  testCases.TC_002LoginTest  - 
*******Test passed
11:59:41.672 [main]   INFO  testCases.TC_002LoginTest  - 
************Login finished*************
18:46:44.169 [main]   INFO  org.testng.internal.Utils  - 
[Utils] MethodGroupsHelper.collectMethodsByGroup() took 0 ms.
18:46:44.175 [main]   INFO  org.testng.internal.Utils  - 
[Utils] MethodGroupsHelper.sortMethods() took 1 ms.
18:46:44.177 [main]   INFO  org.testng.internal.Utils  - 
[Utils] MethodGroupsHelper.collectMethodsByGroup() took 0 ms.
18:46:44.177 [main]   INFO  org.testng.internal.Utils  - 
[Utils] MethodGroupsHelper.sortMethods() took 0 ms.
18:46:44.178 [main]   INFO  org.testng.internal.Utils  - 
[Utils] MethodGroupsHelper.collectMethodsByGroup() took 0 ms.
18:46:44.178 [main]   INFO  org.testng.internal.Utils  - 
[Utils] MethodGroupsHelper.sortMethods() took 0 ms.
18:46:44.178 [main]   INFO  org.testng.internal.Utils  - 
[Utils] MethodGroupsHelper.collectMethodsByGroup() took 0 ms.
18:46:44.179 [main]   INFO  org.testng.internal.Utils  - 
[Utils] MethodGroupsHelper.sortMethods() took 0 ms.
18:46:44.187 [main]   INFO  org.testng.internal.Utils  - 
[Utils] MethodGroupsHelper.collectMethodsByGroup() took 5 ms.
18:46:44.193 [main]   INFO  org.testng.internal.Utils  - 
[Utils] MethodGroupsHelper.sortMethods() took 5 ms.
18:46:44.194 [main]   INFO  org.testng.internal.Utils  - 
[Utils] MethodGroupsHelper.collectMethodsByGroup() took 0 ms.
18:46:44.194 [main]   INFO  org.testng.internal.Utils  - 
[Utils] MethodGroupsHelper.sortMethods() took 0 ms.
18:46:44.195 [main]   INFO  org.testng.internal.Utils  - 
[Utils] MethodGroupsHelper.collectMethodsByGroup() took 0 ms.
18:46:44.195 [main]   INFO  org.testng.internal.Utils  - 
[Utils] MethodGroupsHelper.sortMethods() took 0 ms.
18:46:44.195 [main]   INFO  org.testng.internal.Utils  - 
[Utils] MethodGroupsHelper.collectMethodsByGroup() took 0 ms.
18:46:44.195 [main]   INFO  org.testng.internal.Utils  - 
[Utils] MethodGroupsHelper.sortMethods() took 0 ms.
18:46:44.196 [main]   INFO  org.testng.internal.Utils  - 
[Utils] MethodGroupsHelper.collectMethodsByGroup() took 0 ms.
18:46:44.196 [main]   INFO  org.testng.internal.Utils  - 
[Utils] MethodGroupsHelper.sortMethods() took 0 ms.
18:46:44.197 [main]   INFO  org.testng.internal.Utils  - 
[Utils] MethodGroupsHelper.collectMethodsByGroup() took 0 ms.
18:46:44.197 [main]   INFO  org.testng.internal.Utils  - 
[Utils] MethodGroupsHelper.sortMethods() took 0 ms.
18:46:44.199 [main]   INFO  org.testng.internal.Utils  - 
[Utils] MethodGroupsHelper.collectMethodsByGroup() took 0 ms.
18:46:44.199 [main]   INFO  org.testng.internal.Utils  - 
[Utils] MethodGroupsHelper.sortMethods() took 0 ms.
18:46:44.199 [main]   INFO  org.testng.internal.Utils  - 
[Utils] MethodGroupsHelper.collectMethodsByGroup() took 0 ms.
18:46:44.199 [main]   INFO  org.testng.internal.Utils  - 
[Utils] MethodGroupsHelper.sortMethods() took 0 ms.
18:46:44.200 [main]   INFO  org.testng.internal.Utils  - 
[Utils] MethodGroupsHelper.collectMethodsByGroup() took 0 ms.
18:46:44.200 [main]   INFO  org.testng.internal.Utils  - 
[Utils] MethodGroupsHelper.sortMethods() took 0 ms.
18:46:44.202 [main]   INFO  org.testng.internal.Utils  - 
[Utils] MethodGroupsHelper.collectMethodsByGroup() took 0 ms.
18:46:44.202 [main]   INFO  org.testng.internal.Utils  - 
[Utils] MethodGroupsHelper.sortMethods() took 0 ms.
18:46:44.202 [main]   INFO  org.testng.internal.Utils  - 
[Utils] MethodGroupsHelper.collectMethodsByGroup() took 0 ms.
18:46:44.202 [main]   INFO  org.testng.internal.Utils  - 
[Utils] MethodGroupsHelper.sortMethods() took 0 ms.
18:46:44.208 [main]   INFO  org.testng.internal.Utils  - 
[TestNG] Running:
  C:\Users\hp\AppData\Local\Temp\testng-eclipse-326829826\testng-customsuite.xml

18:46:44.220 [main]   INFO  org.testng.internal.Utils  - 
[Utils] DynamicGraphHelper.createDynamicGraph() took 2 ms.
18:46:44.945 [main]   ERROR org.testng.internal.Utils  - 
[Error] java.lang.ArrayIndexOutOfBoundsException: Index 5 out of bounds for length 5
	at utilities.DataProviders.getData(DataProviders.java:18)
	at java.base/jdk.internal.reflect.DirectMethodHandleAccessor.invoke(DirectMethodHandleAccessor.java:103)
	at java.base/java.lang.reflect.Method.invoke(Method.java:580)
	at org.testng.internal.invokers.MethodInvocationHelper.invokeMethod(MethodInvocationHelper.java:141)
	at org.testng.internal.invokers.MethodInvocationHelper.invokeMethod(MethodInvocationHelper.java:86)
	at org.testng.internal.invokers.MethodInvocationHelper.invokeMethodNoCheckedException(MethodInvocationHelper.java:54)
	at org.testng.internal.invokers.MethodInvocationHelper.invokeDataProvider(MethodInvocationHelper.java:159)
	at org.testng.internal.Parameters.handleParameters(Parameters.java:809)
	at org.testng.internal.Parameters.handleParameters(Parameters.java:734)
	at org.testng.internal.invokers.ParameterHandler.handleParameters(ParameterHandler.java:72)
	at org.testng.internal.invokers.ParameterHandler.createParameters(ParameterHandler.java:51)
	at org.testng.internal.invokers.TestInvoker$MethodInvocationAgent.invoke(TestInvoker.java:949)
	at org.testng.internal.invokers.TestInvoker.invokeTestMethods(TestInvoker.java:203)
	at org.testng.internal.invokers.TestMethodWorker.invokeTestMethods(TestMethodWorker.java:154)
	at org.testng.internal.invokers.TestMethodWorker.run(TestMethodWorker.java:134)
	at java.base/java.util.ArrayList.forEach(ArrayList.java:1597)
	at org.testng.TestRunner.privateRun(TestRunner.java:741)
	at org.testng.TestRunner.run(TestRunner.java:616)
	at org.testng.SuiteRunner.runTest(SuiteRunner.java:421)
	at org.testng.SuiteRunner.runSequentially(SuiteRunner.java:413)
	at org.testng.SuiteRunner.privateRun(SuiteRunner.java:373)
	at org.testng.SuiteRunner.run(SuiteRunner.java:312)
	at org.testng.SuiteRunnerWorker.runSuite(SuiteRunnerWorker.java:52)
	at org.testng.SuiteRunnerWorker.run(SuiteRunnerWorker.java:95)
	at org.testng.TestNG.runSuitesSequentially(TestNG.java:1274)
	at org.testng.TestNG.runSuitesLocally(TestNG.java:1208)
	at org.testng.TestNG.runSuites(TestNG.java:1112)
	at org.testng.TestNG.run(TestNG.java:1079)
	at org.testng.remote.AbstractRemoteTestNG.run(AbstractRemoteTestNG.java:115)
	at org.testng.remote.RemoteTestNG.initAndRun(RemoteTestNG.java:293)
	at org.testng.remote.RemoteTestNG.main(RemoteTestNG.java:91)

18:46:45.059 [main]   INFO  org.testng.internal.Utils  - 
[TestNG] Time taken by org.testng.reporters.jq.Main@260f2144: 66 ms
18:46:45.073 [main]   INFO  org.testng.internal.Utils  - 
[TestNG] Time taken by org.testng.reporters.FailedReporter@5b2f8ab6: 14 ms
18:46:45.084 [main]   INFO  org.testng.internal.Utils  - 
[TestNG] Time taken by org.testng.reporters.XMLReporter@769a58e5: 11 ms
18:46:45.091 [main]   INFO  org.testng.internal.Utils  - 
[TestNG] Time taken by org.testng.reporters.EmailableReporter2@795fd838: 7 ms
18:46:45.099 [main]   INFO  org.testng.internal.Utils  - 
[TestNG] Time taken by org.testng.reporters.JUnitReportReporter@15fb7a32: 8 ms
18:46:45.099 [main]   INFO  org.testng.internal.Utils  - 
[TestNG] Time taken by org.testng.internal.ExitCodeListener@257cc1fc: 0 ms
18:49:34.411 [main]   WARN  org.testng.xml.TestNGContentHandler  - 
It is strongly recommended to add "<!DOCTYPE suite SYSTEM "https://testng.org/testng-1.1.dtd" >" at the top of the suite file [C:\Users\hp\git\OpenCart\OpenCart_Framework\Master.xml] otherwise TestNG may fail or not work as expected.
18:49:34.589 [main]   INFO  org.testng.internal.Utils  - 
[TestNG] Running:
  C:\Users\hp\git\OpenCart\OpenCart_Framework\Master.xml

18:51:09.311 [main]   WARN  org.testng.xml.TestNGContentHandler  - 
It is strongly recommended to add "<!DOCTYPE suite SYSTEM "https://testng.org/testng-1.1.dtd" >" at the top of the suite file [C:\Users\hp\git\OpenCart\OpenCart_Framework\Master.xml] otherwise TestNG may fail or not work as expected.
18:51:09.481 [main]   INFO  org.testng.internal.Utils  - 
[TestNG] Running:
  C:\Users\hp\git\OpenCart\OpenCart_Framework\Master.xml

12:16:47.416 [main]   WARN  org.testng.xml.TestNGContentHandler  - 
It is strongly recommended to add "<!DOCTYPE suite SYSTEM "https://testng.org/testng-1.1.dtd" >" at the top of the suite file [C:\Users\hp\eclipse-workspace\OpenCart\OpenCart_Framework\Grouping.xml] otherwise TestNG may fail or not work as expected.
12:16:47.652 [main]   INFO  org.testng.internal.Utils  - 
[TestNG] Running:
  C:\Users\hp\eclipse-workspace\OpenCart\OpenCart_Framework\Grouping.xml

12:16:56.327 [main]   INFO  testCases.TC001_AccountRegistrationTest  - 
***********Starting TC001***********
12:16:56.369 [main]   INFO  testCases.TC001_AccountRegistrationTest  - 
************Clicked on My Account and Register***********
12:16:57.241 [main]   INFO  testCases.TC001_AccountRegistrationTest  - 
************Generate user details***********
12:16:57.864 [main]   INFO  testCases.TC001_AccountRegistrationTest  - 
************Accept privacy policy***********
12:16:57.962 [main]   INFO  testCases.TC001_AccountRegistrationTest  - 
************Clicked Continue to register***********
12:16:59.183 [main]   INFO  testCases.TC001_AccountRegistrationTest  - 
************Account is registered***********
12:16:59.278 [main]   INFO  testCases.TC001_AccountRegistrationTest  - 
Saving registered user details to config.properties...
12:16:59.278 [main]   INFO  testCases.TC001_AccountRegistrationTest  - 
***********Printing customer details***********
12:16:59.278 [main]   INFO  testCases.TC001_AccountRegistrationTest  - 
***********Test Passed**************
12:17:03.550 [main]   INFO  testCases.TC_002LoginTest  - 
***********Starting TC002***********
12:17:03.551 [main]   INFO  testCases.TC_002LoginTest  - 
***********Click on MyAccount and login**********
12:17:04.009 [main]   INFO  testCases.TC_002LoginTest  - 
**********Providing login details*************
12:17:05.334 [main]   INFO  testCases.TC_002LoginTest  - 
**************Login Successfull***************
12:17:05.375 [main]   INFO  testCases.TC_002LoginTest  - 
*******Test passed
12:17:05.375 [main]   INFO  testCases.TC_002LoginTest  - 
************Login finished*************
12:18:09.552 [main]   WARN  org.testng.xml.TestNGContentHandler  - 
It is strongly recommended to add "<!DOCTYPE suite SYSTEM "https://testng.org/testng-1.1.dtd" >" at the top of the suite file [C:\Users\hp\eclipse-workspace\OpenCart\OpenCart_Framework\Grouping.xml] otherwise TestNG may fail or not work as expected.
12:18:09.776 [main]   INFO  org.testng.internal.Utils  - 
[TestNG] Running:
  C:\Users\hp\eclipse-workspace\OpenCart\OpenCart_Framework\Grouping.xml

12:18:54.023 [main]   WARN  org.testng.xml.TestNGContentHandler  - 
It is strongly recommended to add "<!DOCTYPE suite SYSTEM "https://testng.org/testng-1.1.dtd" >" at the top of the suite file [C:\Users\hp\eclipse-workspace\OpenCart\OpenCart_Framework\Grouping.xml] otherwise TestNG may fail or not work as expected.
12:18:54.244 [main]   INFO  org.testng.internal.Utils  - 
[TestNG] Running:
  C:\Users\hp\eclipse-workspace\OpenCart\OpenCart_Framework\Grouping.xml

12:18:58.300 [main]   INFO  testCases.TC001_AccountRegistrationTest  - 
***********Starting TC001***********
12:18:58.329 [main]   INFO  testCases.TC001_AccountRegistrationTest  - 
************Clicked on My Account and Register***********
12:18:59.029 [main]   INFO  testCases.TC001_AccountRegistrationTest  - 
************Generate user details***********
12:18:59.611 [main]   INFO  testCases.TC001_AccountRegistrationTest  - 
************Accept privacy policy***********
12:18:59.678 [main]   INFO  testCases.TC001_AccountRegistrationTest  - 
************Clicked Continue to register***********
12:19:00.955 [main]   INFO  testCases.TC001_AccountRegistrationTest  - 
************Account is registered***********
12:19:01.005 [main]   INFO  testCases.TC001_AccountRegistrationTest  - 
Saving registered user details to config.properties...
12:19:01.005 [main]   INFO  testCases.TC001_AccountRegistrationTest  - 
***********Printing customer details***********
12:19:01.005 [main]   INFO  testCases.TC001_AccountRegistrationTest  - 
***********Test Passed**************
12:19:05.580 [main]   INFO  testCases.TC_002LoginTest  - 
***********Starting TC002***********
12:19:05.580 [main]   INFO  testCases.TC_002LoginTest  - 
***********Click on MyAccount and login**********
12:19:06.068 [main]   INFO  testCases.TC_002LoginTest  - 
**********Providing login details*************
12:19:06.461 [main]   INFO  testCases.TC_002LoginTest  - 
**************Login Successfull***************
12:19:07.443 [main]   INFO  testCases.TC_002LoginTest  - 
*******Test passed
12:19:07.443 [main]   INFO  testCases.TC_002LoginTest  - 
************Login finished*************
22:04:57.475 [main]   WARN  org.testng.xml.TestNGContentHandler  - 
It is strongly recommended to add "<!DOCTYPE suite SYSTEM "https://testng.org/testng-1.1.dtd" >" at the top of the suite file [C:\Users\hp\eclipse-workspace\OpenCart\OpenCart_Framework\Master.xml] otherwise TestNG may fail or not work as expected.
22:08:29.787 [main]   WARN  org.testng.xml.TestNGContentHandler  - 
It is strongly recommended to add "<!DOCTYPE suite SYSTEM "https://testng.org/testng-1.1.dtd" >" at the top of the suite file [C:\Users\hp\eclipse-workspace\OpenCart\OpenCart_Framework\Master.xml] otherwise TestNG may fail or not work as expected.
22:10:15.654 [main]   WARN  org.testng.xml.TestNGContentHandler  - 
It is strongly recommended to add "<!DOCTYPE suite SYSTEM "https://testng.org/testng-1.1.dtd" >" at the top of the suite file [C:\Users\hp\eclipse-workspace\OpenCart\OpenCart_Framework\Master.xml] otherwise TestNG may fail or not work as expected.
22:12:20.779 [main]   WARN  org.testng.xml.TestNGContentHandler  - 
It is strongly recommended to add "<!DOCTYPE suite SYSTEM "https://testng.org/testng-1.1.dtd" >" at the top of the suite file [C:\Users\hp\eclipse-workspace\OpenCart\OpenCart_Framework\Master.xml] otherwise TestNG may fail or not work as expected.
22:12:20.981 [main]   INFO  org.testng.internal.Utils  - 
[TestNG] Running:
  C:\Users\hp\eclipse-workspace\OpenCart\OpenCart_Framework\Master.xml

22:12:29.978 [main]   INFO  testCases.TC001_AccountRegistrationTest  - 
***********Starting TC001***********
22:12:30.007 [main]   INFO  testCases.TC001_AccountRegistrationTest  - 
************Clicked on My Account and Register***********
22:12:30.847 [main]   INFO  testCases.TC001_AccountRegistrationTest  - 
************Generate user details***********
22:12:31.271 [main]   INFO  testCases.TC001_AccountRegistrationTest  - 
************Accept privacy policy***********
22:12:31.320 [main]   INFO  testCases.TC001_AccountRegistrationTest  - 
************Clicked Continue to register***********
22:12:32.141 [main]   INFO  testCases.TC001_AccountRegistrationTest  - 
************Account is registered***********
22:12:32.187 [main]   INFO  testCases.TC001_AccountRegistrationTest  - 
Saving registered user details to config.properties...
22:12:32.188 [main]   INFO  testCases.TC001_AccountRegistrationTest  - 
***********Printing customer details***********
22:12:32.188 [main]   INFO  testCases.TC001_AccountRegistrationTest  - 
***********Test Passed**************
22:12:37.028 [main]   INFO  testCases.TC_002LoginTest  - 
***********Starting TC002***********
22:12:37.029 [main]   INFO  testCases.TC_002LoginTest  - 
***********Click on MyAccount and login**********
22:12:37.400 [main]   INFO  testCases.TC_002LoginTest  - 
**********Providing login details*************
22:12:37.650 [main]   INFO  testCases.TC_002LoginTest  - 
**************Login Successfull***************
22:12:38.414 [main]   INFO  testCases.TC_002LoginTest  - 
*******Test passed
22:12:38.414 [main]   INFO  testCases.TC_002LoginTest  - 
************Login finished*************
22:13:12.936 [main]   WARN  org.testng.xml.TestNGContentHandler  - 
It is strongly recommended to add "<!DOCTYPE suite SYSTEM "https://testng.org/testng-1.1.dtd" >" at the top of the suite file [C:\Users\hp\eclipse-workspace\OpenCart\OpenCart_Framework\Master.xml] otherwise TestNG may fail or not work as expected.
22:13:13.126 [main]   INFO  org.testng.internal.Utils  - 
[TestNG] Running:
  C:\Users\hp\eclipse-workspace\OpenCart\OpenCart_Framework\Master.xml

22:13:17.556 [main]   INFO  testCases.TC001_AccountRegistrationTest  - 
***********Starting TC001***********
22:13:17.573 [main]   INFO  testCases.TC001_AccountRegistrationTest  - 
************Clicked on My Account and Register***********
22:13:18.226 [main]   INFO  testCases.TC001_AccountRegistrationTest  - 
************Generate user details***********
22:13:18.583 [main]   INFO  testCases.TC001_AccountRegistrationTest  - 
************Accept privacy policy***********
22:13:18.631 [main]   INFO  testCases.TC001_AccountRegistrationTest  - 
************Clicked Continue to register***********
22:13:19.743 [main]   INFO  testCases.TC001_AccountRegistrationTest  - 
************Account is registered***********
22:13:19.761 [main]   INFO  testCases.TC001_AccountRegistrationTest  - 
Saving registered user details to config.properties...
22:13:19.761 [main]   INFO  testCases.TC001_AccountRegistrationTest  - 
***********Printing customer details***********
22:13:19.773 [main]   INFO  testCases.TC001_AccountRegistrationTest  - 
***********Test Passed**************
22:13:24.261 [main]   INFO  testCases.TC_002LoginTest  - 
***********Starting TC002***********
22:13:24.261 [main]   INFO  testCases.TC_002LoginTest  - 
***********Click on MyAccount and login**********
22:13:24.624 [main]   INFO  testCases.TC_002LoginTest  - 
**********Providing login details*************
22:13:24.851 [main]   INFO  testCases.TC_002LoginTest  - 
**************Login Successfull***************
22:13:26.206 [main]   INFO  testCases.TC_002LoginTest  - 
*******Test passed
22:13:26.206 [main]   INFO  testCases.TC_002LoginTest  - 
************Login finished*************
22:15:03.886 [main]   WARN  org.testng.xml.TestNGContentHandler  - 
It is strongly recommended to add "<!DOCTYPE suite SYSTEM "https://testng.org/testng-1.1.dtd" >" at the top of the suite file [C:\Users\hp\eclipse-workspace\OpenCart\OpenCart_Framework\Master.xml] otherwise TestNG may fail or not work as expected.
22:15:04.083 [main]   INFO  org.testng.internal.Utils  - 
[TestNG] Running:
  C:\Users\hp\eclipse-workspace\OpenCart\OpenCart_Framework\Master.xml

22:15:08.548 [main]   INFO  testCases.TC001_AccountRegistrationTest  - 
***********Starting TC001***********
22:15:08.570 [main]   INFO  testCases.TC001_AccountRegistrationTest  - 
************Clicked on My Account and Register***********
22:15:09.186 [main]   INFO  testCases.TC001_AccountRegistrationTest  - 
************Generate user details***********
22:15:09.561 [main]   INFO  testCases.TC001_AccountRegistrationTest  - 
************Accept privacy policy***********
22:15:09.613 [main]   INFO  testCases.TC001_AccountRegistrationTest  - 
************Clicked Continue to register***********
22:15:09.667 [main]   INFO  testCases.TC001_AccountRegistrationTest  - 
************Account is registered***********
22:15:11.155 [main]   INFO  testCases.TC001_AccountRegistrationTest  - 
Saving registered user details to config.properties...
22:15:11.155 [main]   INFO  testCases.TC001_AccountRegistrationTest  - 
***********Printing customer details***********
22:15:11.170 [main]   INFO  testCases.TC001_AccountRegistrationTest  - 
***********Test Passed**************
22:15:15.573 [main]   INFO  testCases.TC_002LoginTest  - 
***********Starting TC002***********
22:15:15.574 [main]   INFO  testCases.TC_002LoginTest  - 
***********Click on MyAccount and login**********
22:15:15.988 [main]   INFO  testCases.TC_002LoginTest  - 
**********Providing login details*************
22:15:16.185 [main]   INFO  testCases.TC_002LoginTest  - 
**************Login Successfull***************
22:15:17.510 [main]   INFO  testCases.TC_002LoginTest  - 
*******Test passed
22:15:17.510 [main]   INFO  testCases.TC_002LoginTest  - 
************Login finished*************
22:18:37.152 [main]   WARN  org.testng.xml.TestNGContentHandler  - 
It is strongly recommended to add "<!DOCTYPE suite SYSTEM "https://testng.org/testng-1.1.dtd" >" at the top of the suite file [C:\Users\hp\eclipse-workspace\OpenCart\OpenCart_Framework\Master.xml] otherwise TestNG may fail or not work as expected.
22:18:37.336 [main]   INFO  org.testng.internal.Utils  - 
[TestNG] Running:
  C:\Users\hp\eclipse-workspace\OpenCart\OpenCart_Framework\Master.xml

22:18:43.269 [main]   INFO  testCases.TC001_AccountRegistrationTest  - 
***********Starting TC001***********
22:18:43.285 [main]   INFO  testCases.TC001_AccountRegistrationTest  - 
************Clicked on My Account and Register***********
22:18:43.962 [main]   INFO  testCases.TC001_AccountRegistrationTest  - 
************Generate user details***********
22:18:44.347 [main]   INFO  testCases.TC001_AccountRegistrationTest  - 
************Accept privacy policy***********
22:18:44.398 [main]   INFO  testCases.TC001_AccountRegistrationTest  - 
************Clicked Continue to register***********
22:18:44.451 [main]   INFO  testCases.TC001_AccountRegistrationTest  - 
************Account is registered***********
22:18:45.488 [main]   INFO  testCases.TC001_AccountRegistrationTest  - 
Saving registered user details to config.properties...
22:18:45.489 [main]   INFO  testCases.TC001_AccountRegistrationTest  - 
***********Printing customer details***********
22:18:45.491 [main]   INFO  testCases.TC001_AccountRegistrationTest  - 
***********Test Passed**************
22:18:50.351 [main]   INFO  testCases.TC_002LoginTest  - 
***********Starting TC002***********
22:18:50.352 [main]   INFO  testCases.TC_002LoginTest  - 
***********Click on MyAccount and login**********
22:18:50.710 [main]   INFO  testCases.TC_002LoginTest  - 
**********Providing login details*************
22:18:50.923 [main]   INFO  testCases.TC_002LoginTest  - 
**************Login Successfull***************
22:18:51.895 [main]   INFO  testCases.TC_002LoginTest  - 
*******Test passed
22:18:51.895 [main]   INFO  testCases.TC_002LoginTest  - 
************Login finished*************
22:29:41.501 [main]   WARN  org.testng.xml.TestNGContentHandler  - 
It is strongly recommended to add "<!DOCTYPE suite SYSTEM "https://testng.org/testng-1.1.dtd" >" at the top of the suite file [C:\Users\hp\eclipse-workspace\OpenCart\OpenCart_Framework\Master.xml] otherwise TestNG may fail or not work as expected.
22:29:41.693 [main]   INFO  org.testng.internal.Utils  - 
[TestNG] Running:
  C:\Users\hp\eclipse-workspace\OpenCart\OpenCart_Framework\Master.xml

22:29:47.363 [main]   INFO  testCases.TC001_AccountRegistrationTest  - 
***********Starting TC001***********
22:29:47.384 [main]   INFO  testCases.TC001_AccountRegistrationTest  - 
************Clicked on My Account and Register***********
22:29:48.178 [main]   INFO  testCases.TC001_AccountRegistrationTest  - 
************Generate user details***********
22:29:48.526 [main]   INFO  testCases.TC001_AccountRegistrationTest  - 
************Accept privacy policy***********
22:29:48.588 [main]   INFO  testCases.TC001_AccountRegistrationTest  - 
************Clicked Continue to register***********
22:29:48.649 [main]   INFO  testCases.TC001_AccountRegistrationTest  - 
************Account is registered***********
22:29:49.388 [main]   INFO  testCases.TC001_AccountRegistrationTest  - 
Saving registered user details to config.properties...
22:29:49.388 [main]   INFO  testCases.TC001_AccountRegistrationTest  - 
***********Printing customer details***********
22:29:49.388 [main]   INFO  testCases.TC001_AccountRegistrationTest  - 
***********Test Passed**************
22:46:36.146 [main]   WARN  org.testng.xml.TestNGContentHandler  - 
It is strongly recommended to add "<!DOCTYPE suite SYSTEM "https://testng.org/testng-1.1.dtd" >" at the top of the suite file [C:\Users\hp\eclipse-workspace\OpenCart\OpenCart_Framework\Master.xml] otherwise TestNG may fail or not work as expected.
22:46:36.350 [main]   INFO  org.testng.internal.Utils  - 
[TestNG] Running:
  C:\Users\hp\eclipse-workspace\OpenCart\OpenCart_Framework\Master.xml

22:46:42.604 [main]   INFO  testCases.TC001_AccountRegistrationTest  - 
***********Starting TC001***********
22:46:42.626 [main]   INFO  testCases.TC001_AccountRegistrationTest  - 
************Clicked on My Account and Register***********
22:46:43.385 [main]   INFO  testCases.TC001_AccountRegistrationTest  - 
************Generate user details***********
22:46:43.820 [main]   INFO  testCases.TC001_AccountRegistrationTest  - 
************Accept privacy policy***********
22:46:43.874 [main]   INFO  testCases.TC001_AccountRegistrationTest  - 
************Clicked Continue to register***********
22:46:43.933 [main]   INFO  testCases.TC001_AccountRegistrationTest  - 
************Account is registered***********
22:46:44.782 [main]   INFO  testCases.TC001_AccountRegistrationTest  - 
Saving registered user details to config.properties...
22:46:44.782 [main]   INFO  testCases.TC001_AccountRegistrationTest  - 
***********Printing customer details***********
22:46:44.783 [main]   INFO  testCases.TC001_AccountRegistrationTest  - 
***********Test Passed**************
22:46:48.810 [main]   INFO  testCases.TC_002LoginTest  - 
***********Starting TC002***********
22:46:48.810 [main]   INFO  testCases.TC_002LoginTest  - 
***********Click on MyAccount and login**********
22:46:49.151 [main]   INFO  testCases.TC_002LoginTest  - 
**********Providing login details*************
22:46:49.377 [main]   INFO  testCases.TC_002LoginTest  - 
**************Login Successfull***************
22:46:50.141 [main]   INFO  testCases.TC_002LoginTest  - 
*******Test passed
22:46:50.141 [main]   INFO  testCases.TC_002LoginTest  - 
************Login finished*************
22:48:58.208 [main]   WARN  org.testng.xml.TestNGContentHandler  - 
It is strongly recommended to add "<!DOCTYPE suite SYSTEM "https://testng.org/testng-1.1.dtd" >" at the top of the suite file [C:\Users\hp\eclipse-workspace\OpenCart\OpenCart_Framework\Master.xml] otherwise TestNG may fail or not work as expected.
22:48:58.398 [main]   INFO  org.testng.internal.Utils  - 
[TestNG] Running:
  C:\Users\hp\eclipse-workspace\OpenCart\OpenCart_Framework\Master.xml

22:49:02.748 [main]   INFO  testCases.TC001_AccountRegistrationTest  - 
***********Starting TC001***********
22:49:02.764 [main]   INFO  testCases.TC001_AccountRegistrationTest  - 
************Clicked on My Account and Register***********
22:49:03.344 [main]   INFO  testCases.TC001_AccountRegistrationTest  - 
************Generate user details***********
22:49:03.679 [main]   INFO  testCases.TC001_AccountRegistrationTest  - 
************Accept privacy policy***********
22:49:03.748 [main]   INFO  testCases.TC001_AccountRegistrationTest  - 
************Clicked Continue to register***********
22:49:04.690 [main]   INFO  testCases.TC001_AccountRegistrationTest  - 
************Account is registered***********
22:49:04.726 [main]   INFO  testCases.TC001_AccountRegistrationTest  - 
Saving registered user details to config.properties...
22:49:04.726 [main]   INFO  testCases.TC001_AccountRegistrationTest  - 
***********Printing customer details***********
22:49:04.726 [main]   INFO  testCases.TC001_AccountRegistrationTest  - 
***********Test Passed**************
22:49:09.211 [main]   INFO  testCases.TC_002LoginTest  - 
***********Starting TC002***********
22:49:09.212 [main]   INFO  testCases.TC_002LoginTest  - 
***********Click on MyAccount and login**********
22:49:09.581 [main]   INFO  testCases.TC_002LoginTest  - 
**********Providing login details*************
22:49:09.778 [main]   INFO  testCases.TC_002LoginTest  - 
**************Login Successfull***************
22:50:57.420 [main]   WARN  org.testng.xml.TestNGContentHandler  - 
It is strongly recommended to add "<!DOCTYPE suite SYSTEM "https://testng.org/testng-1.1.dtd" >" at the top of the suite file [C:\Users\hp\eclipse-workspace\OpenCart\OpenCart_Framework\Grouping.xml] otherwise TestNG may fail or not work as expected.
22:50:57.600 [main]   INFO  org.testng.internal.Utils  - 
[TestNG] Running:
  C:\Users\hp\eclipse-workspace\OpenCart\OpenCart_Framework\Grouping.xml

22:52:05.808 [main]   WARN  org.testng.xml.TestNGContentHandler  - 
It is strongly recommended to add "<!DOCTYPE suite SYSTEM "https://testng.org/testng-1.1.dtd" >" at the top of the suite file [C:\Users\hp\eclipse-workspace\OpenCart\OpenCart_Framework\Grouping.xml] otherwise TestNG may fail or not work as expected.
22:52:05.998 [main]   INFO  org.testng.internal.Utils  - 
[TestNG] Running:
  C:\Users\hp\eclipse-workspace\OpenCart\OpenCart_Framework\Grouping.xml

22:52:11.766 [main]   INFO  testCases.TC001_AccountRegistrationTest  - 
***********Starting TC001***********
22:52:11.786 [main]   INFO  testCases.TC001_AccountRegistrationTest  - 
************Clicked on My Account and Register***********
22:52:12.413 [main]   INFO  testCases.TC001_AccountRegistrationTest  - 
************Generate user details***********
22:52:12.747 [main]   INFO  testCases.TC001_AccountRegistrationTest  - 
************Accept privacy policy***********
22:52:12.815 [main]   INFO  testCases.TC001_AccountRegistrationTest  - 
************Clicked Continue to register***********
22:52:13.636 [main]   INFO  testCases.TC001_AccountRegistrationTest  - 
************Account is registered***********
22:52:13.670 [main]   INFO  testCases.TC001_AccountRegistrationTest  - 
Saving registered user details to config.properties...
22:52:13.670 [main]   INFO  testCases.TC001_AccountRegistrationTest  - 
***********Printing customer details***********
22:52:13.670 [main]   INFO  testCases.TC001_AccountRegistrationTest  - 
***********Test Passed**************
22:52:41.043 [main]   WARN  org.testng.xml.TestNGContentHandler  - 
It is strongly recommended to add "<!DOCTYPE suite SYSTEM "https://testng.org/testng-1.1.dtd" >" at the top of the suite file [C:\Users\hp\eclipse-workspace\OpenCart\OpenCart_Framework\Grouping.xml] otherwise TestNG may fail or not work as expected.
22:52:41.227 [main]   INFO  org.testng.internal.Utils  - 
[TestNG] Running:
  C:\Users\hp\eclipse-workspace\OpenCart\OpenCart_Framework\Grouping.xml

22:52:45.607 [main]   INFO  testCases.TC_002LoginTest  - 
***********Starting TC002***********
22:52:45.623 [main]   INFO  testCases.TC_002LoginTest  - 
***********Click on MyAccount and login**********
22:52:45.950 [main]   INFO  testCases.TC_002LoginTest  - 
**********Providing login details*************
22:52:46.197 [main]   INFO  testCases.TC_002LoginTest  - 
**************Login Successfull***************
22:52:46.939 [main]   INFO  testCases.TC_002LoginTest  - 
*******Test passed
22:52:46.940 [main]   INFO  testCases.TC_002LoginTest  - 
************Login finished*************
22:53:22.600 [main]   WARN  org.testng.xml.TestNGContentHandler  - 
It is strongly recommended to add "<!DOCTYPE suite SYSTEM "https://testng.org/testng-1.1.dtd" >" at the top of the suite file [C:\Users\hp\eclipse-workspace\OpenCart\OpenCart_Framework\Grouping.xml] otherwise TestNG may fail or not work as expected.
22:53:22.791 [main]   INFO  org.testng.internal.Utils  - 
[TestNG] Running:
  C:\Users\hp\eclipse-workspace\OpenCart\OpenCart_Framework\Grouping.xml

22:53:26.939 [main]   INFO  testCases.TC001_AccountRegistrationTest  - 
***********Starting TC001***********
22:53:26.954 [main]   INFO  testCases.TC001_AccountRegistrationTest  - 
************Clicked on My Account and Register***********
22:53:27.891 [main]   INFO  testCases.TC001_AccountRegistrationTest  - 
************Generate user details***********
22:53:28.227 [main]   INFO  testCases.TC001_AccountRegistrationTest  - 
************Accept privacy policy***********
22:53:28.276 [main]   INFO  testCases.TC001_AccountRegistrationTest  - 
************Clicked Continue to register***********
22:53:28.979 [main]   INFO  testCases.TC001_AccountRegistrationTest  - 
************Account is registered***********
22:53:29.022 [main]   INFO  testCases.TC001_AccountRegistrationTest  - 
Saving registered user details to config.properties...
22:53:29.022 [main]   INFO  testCases.TC001_AccountRegistrationTest  - 
***********Printing customer details***********
22:53:29.023 [main]   INFO  testCases.TC001_AccountRegistrationTest  - 
***********Test Passed**************
22:53:32.706 [main]   INFO  testCases.TC_002LoginTest  - 
***********Starting TC002***********
22:53:32.707 [main]   INFO  testCases.TC_002LoginTest  - 
***********Click on MyAccount and login**********
22:53:33.056 [main]   INFO  testCases.TC_002LoginTest  - 
**********Providing login details*************
22:53:33.962 [main]   INFO  testCases.TC_002LoginTest  - 
**************Login Successfull***************
22:53:33.990 [main]   INFO  testCases.TC_002LoginTest  - 
*******Test passed
22:53:33.990 [main]   INFO  testCases.TC_002LoginTest  - 
************Login finished*************
23:00:17.001 [main]   WARN  org.testng.xml.TestNGContentHandler  - 
It is strongly recommended to add "<!DOCTYPE suite SYSTEM "https://testng.org/testng-1.1.dtd" >" at the top of the suite file [C:\Users\hp\eclipse-workspace\OpenCart\OpenCart_Framework\test-output\testng-failed.xml] otherwise TestNG may fail or not work as expected.
23:00:17.186 [main]   INFO  org.testng.internal.Utils  - 
[TestNG] Running:
  C:\Users\hp\eclipse-workspace\OpenCart\OpenCart_Framework\test-output\testng-failed.xml

23:00:23.095 [main]   INFO  testCases.TC_002LoginTest  - 
***********Starting TC002***********
23:00:23.122 [main]   INFO  testCases.TC_002LoginTest  - 
***********Click on MyAccount and login**********
23:00:23.475 [main]   INFO  testCases.TC_002LoginTest  - 
**********Providing login details*************
23:00:23.680 [main]   INFO  testCases.TC_002LoginTest  - 
**************Login Successfull***************
23:00:24.447 [main]   INFO  testCases.TC_002LoginTest  - 
*******Test passed
23:00:24.448 [main]   INFO  testCases.TC_002LoginTest  - 
************Login finished*************
22:31:42.630 [main]   WARN  org.testng.xml.TestNGContentHandler  - 
It is strongly recommended to add "<!DOCTYPE suite SYSTEM "https://testng.org/testng-1.1.dtd" >" at the top of the suite file [C:\Users\hp\eclipse-workspace\OpenCart\OpenCart_Framework\Master.xml] otherwise TestNG may fail or not work as expected.
22:32:02.937 [main]   INFO  testCases.TC001_AccountRegistrationTest  - 
***********Starting TC001***********
22:32:02.979 [main]   INFO  testCases.TC001_AccountRegistrationTest  - 
************Clicked on My Account and Register***********
22:32:03.727 [main]   INFO  testCases.TC001_AccountRegistrationTest  - 
************Generate user details***********
22:32:04.349 [main]   INFO  testCases.TC001_AccountRegistrationTest  - 
************Accept privacy policy***********
22:32:04.456 [main]   INFO  testCases.TC001_AccountRegistrationTest  - 
************Clicked Continue to register***********
22:32:05.319 [main]   INFO  testCases.TC001_AccountRegistrationTest  - 
************Account is registered***********
22:32:05.365 [main]   INFO  testCases.TC001_AccountRegistrationTest  - 
Saving registered user details to config.properties...
22:32:05.366 [main]   INFO  testCases.TC001_AccountRegistrationTest  - 
***********Printing customer details***********
22:32:05.367 [main]   INFO  testCases.TC001_AccountRegistrationTest  - 
***********Test Passed**************
22:32:09.778 [main]   INFO  testCases.TC_002LoginTest  - 
***********Starting TC002***********
22:32:09.779 [main]   INFO  testCases.TC_002LoginTest  - 
***********Click on MyAccount and login**********
22:32:10.278 [main]   INFO  testCases.TC_002LoginTest  - 
**********Providing login details*************
22:32:11.613 [main]   INFO  testCases.TC_002LoginTest  - 
**************Login Successfull***************
22:32:11.658 [main]   INFO  testCases.TC_002LoginTest  - 
*******Test passed
22:32:11.659 [main]   INFO  testCases.TC_002LoginTest  - 
************Login finished*************
22:33:34.622 [main]   WARN  org.testng.xml.TestNGContentHandler  - 
It is strongly recommended to add "<!DOCTYPE suite SYSTEM "https://testng.org/testng-1.1.dtd" >" at the top of the suite file [C:\Users\hp\eclipse-workspace\OpenCart\OpenCart_Framework\Master.xml] otherwise TestNG may fail or not work as expected.
22:33:41.099 [main]   INFO  testCases.TC001_AccountRegistrationTest  - 
***********Starting TC001***********
22:33:41.121 [main]   INFO  testCases.TC001_AccountRegistrationTest  - 
************Clicked on My Account and Register***********
22:33:42.755 [main]   INFO  testCases.TC001_AccountRegistrationTest  - 
************Generate user details***********
22:33:43.214 [main]   INFO  testCases.TC001_AccountRegistrationTest  - 
************Accept privacy policy***********
22:33:43.295 [main]   INFO  testCases.TC001_AccountRegistrationTest  - 
************Clicked Continue to register***********
22:33:44.161 [main]   INFO  testCases.TC001_AccountRegistrationTest  - 
************Account is registered***********
22:33:44.214 [main]   INFO  testCases.TC001_AccountRegistrationTest  - 
Saving registered user details to config.properties...
22:33:44.214 [main]   INFO  testCases.TC001_AccountRegistrationTest  - 
***********Printing customer details***********
22:33:44.215 [main]   INFO  testCases.TC001_AccountRegistrationTest  - 
***********Test Passed**************
22:33:50.423 [main]   INFO  testCases.TC_002LoginTest  - 
***********Starting TC002***********
22:33:50.423 [main]   INFO  testCases.TC_002LoginTest  - 
***********Click on MyAccount and login**********
22:33:50.888 [main]   INFO  testCases.TC_002LoginTest  - 
**********Providing login details*************
22:33:51.118 [main]   INFO  testCases.TC_002LoginTest  - 
**************Login Successfull***************
22:33:51.946 [main]   INFO  testCases.TC_002LoginTest  - 
*******Test passed
22:33:51.946 [main]   INFO  testCases.TC_002LoginTest  - 
************Login finished*************
22:42:32.451 [main]   WARN  org.testng.xml.TestNGContentHandler  - 
It is strongly recommended to add "<!DOCTYPE suite SYSTEM "https://testng.org/testng-1.1.dtd" >" at the top of the suite file [C:\Users\hp\eclipse-workspace\OpenCart\OpenCart_Framework\Master.xml] otherwise TestNG may fail or not work as expected.
22:42:42.317 [main]   INFO  testCases.TC001_AccountRegistrationTest  - 
***********Starting TC001***********
22:42:42.357 [main]   INFO  testCases.TC001_AccountRegistrationTest  - 
************Clicked on My Account and Register***********
22:42:43.079 [main]   INFO  testCases.TC001_AccountRegistrationTest  - 
************Generate user details***********
22:42:43.710 [main]   INFO  testCases.TC001_AccountRegistrationTest  - 
************Accept privacy policy***********
22:42:43.802 [main]   INFO  testCases.TC001_AccountRegistrationTest  - 
************Clicked Continue to register***********
22:42:44.865 [main]   INFO  testCases.TC001_AccountRegistrationTest  - 
************Account is registered***********
22:42:44.910 [main]   INFO  testCases.TC001_AccountRegistrationTest  - 
Saving registered user details to config.properties...
22:42:44.910 [main]   INFO  testCases.TC001_AccountRegistrationTest  - 
***********Printing customer details***********
22:42:44.910 [main]   INFO  testCases.TC001_AccountRegistrationTest  - 
***********Test Passed**************
22:42:49.528 [main]   INFO  testCases.TC_002LoginTest  - 
***********Starting TC002***********
22:42:49.528 [main]   INFO  testCases.TC_002LoginTest  - 
***********Click on MyAccount and login**********
22:42:49.970 [main]   INFO  testCases.TC_002LoginTest  - 
**********Providing login details*************
22:42:51.040 [main]   INFO  testCases.TC_002LoginTest  - 
**************Login Successfull***************
22:42:51.075 [main]   INFO  testCases.TC_002LoginTest  - 
*******Test passed
22:42:51.075 [main]   INFO  testCases.TC_002LoginTest  - 
************Login finished*************
